  Invoking ""..\..\..\bin\tao_idl" on ClientRequestInfo.pidl"
  tao-idli_jy8Qec.cpp
  Invoking ""..\..\..\bin\tao_idl" on ClientRequestInterceptor.pidl"
  tao-idli_Q1iZkz.cpp
  Invoking ""..\..\..\bin\tao_idl" on Interceptor.pidl"
  tao-idli_UH8qwH.cpp
  Invoking ""..\..\..\bin\tao_idl" on InvalidSlot.pidl"
  tao-idli_RsgyJu.cpp
  Invoking ""..\..\..\bin\tao_idl" on ORBInitializer.pidl"
  tao-idli_KANaVo.cpp
  Invoking ""..\..\..\bin\tao_idl" on ORBInitInfo.pidl"
  tao-idli_7yfenv.cpp
  Invoking ""..\..\..\bin\tao_idl" on PI_include.pidl"
  tao-idli_OMmOzJ.cpp
  Invoking ""..\..\..\bin\tao_idl" on PICurrent.pidl"
  tao-idli_xlFzhS.cpp
  Invoking ""..\..\..\bin\tao_idl" on PIForwardRequest.pidl"
  tao-idli_bW9wog.cpp
  Invoking ""..\..\..\bin\tao_idl" on ProcessingModePolicy.pidl"
  tao-idli_lh1tqb.cpp
  Invoking ""..\..\..\bin\tao_idl" on RequestInfo.pidl"
  tao-idli_YgWUUW.cpp
