  CSD_TP_Cancel_Visitor.cpp
  CSD_TP_Collocated_Asynch_Request.cpp
  CSD_TP_Collocated_Synch_Request.cpp
  CSD_TP_Collocated_Synch_With_Server_Request.cpp
  CSD_TP_Corba_Request.cpp
  CSD_TP_Custom_Asynch_Request.cpp
  CSD_TP_Custom_Request.cpp
  CSD_TP_Custom_Request_Operation.cpp
  CSD_TP_Custom_Synch_Request.cpp
  CSD_TP_Dispatchable_Visitor.cpp
  CSD_TP_Queue.cpp
  CSD_TP_Queue_Visitor.cpp
  CSD_TP_Remote_Request.cpp
  CSD_TP_Request.cpp
  CSD_TP_Servant_State.cpp
  CSD_TP_Servant_State_Map.cpp
  CSD_TP_Strategy.cpp
  CSD_TP_Strategy_Factory.cpp
  CSD_TP_Synch_Helper.cpp
  CSD_TP_Task.cpp
  正在生成代码...
  正在编译...
  CSD_ThreadPool.cpp
  正在生成代码...
    正在创建库 ..\..\..\lib\TAO_CSD_ThreadPoold.lib 和对象 ..\..\..\lib\TAO_CSD_ThreadPoold.exp
  CSD_ThreadPool.vcxproj -> C:\Users\Admin\Downloads\OpenDDS-3.20\ace_wrappers\lib\TAO_CSD_ThreadPoold.dll
