  ClientRequestDetails.cpp
  ClientRequestInfo.cpp
  ClientRequestInfoA.cpp
  ClientRequestInfoC.cpp
  ClientRequestInterceptorA.cpp
  ClientRequestInterceptorC.cpp
  ClientRequestInterceptor_Adapter_Impl.cpp
  ClientRequestInterceptor_Factory_Impl.cpp
  DLL_Resident_ORB_Initializer.cpp
  InterceptorA.cpp
  InterceptorC.cpp
  InvalidSlotA.cpp
  InvalidSlotC.cpp
  ORBInitInfo.cpp
  ORBInitInfoC.cpp
  ORBInitializerA.cpp
  ORBInitializerC.cpp
  ORBInitializer_Registry_Impl.cpp
  PI.cpp
  PICurrent.cpp
  正在生成代码...
  正在编译...
  PICurrentA.cpp
  PICurrentC.cpp
  PICurrent_Impl.cpp
  PICurrent_Loader.cpp
  PIForwardRequestA.cpp
  PIForwardRequestC.cpp
  PI_ORBInitializer.cpp
  PI_PolicyFactory.cpp
  PI_includeC.cpp
  PolicyFactoryA.cpp
  PolicyFactoryC.cpp
  PolicyFactory_Loader.cpp
  PolicyFactory_Registry.cpp
  ProcessingModePolicy.cpp
  ProcessingModePolicyA.cpp
  ProcessingModePolicyC.cpp
  RequestInfoA.cpp
  RequestInfoC.cpp
  RequestInfo_Util.cpp
  RequestInterceptor_Adapter_Impl.cpp
  正在生成代码...
    正在创建库 ..\..\..\lib\TAO_PId.lib 和对象 ..\..\..\lib\TAO_PId.exp
  PI.vcxproj -> C:\Users\Admin\Downloads\OpenDDS-3.20\ace_wrappers\lib\TAO_PId.dll
