  Alias_TypeCode_Static.cpp
  Any.cpp
  AnySeqA.cpp
  AnySeqC.cpp
  AnyTypeCode_Adapter_Impl.cpp
  Any_Basic_Impl.cpp
  Any_Impl.cpp
  Any_SystemException.cpp
  Any_Unknown_IDL_Type.cpp
  BasicTypeTraits.cpp
  BooleanSeqA.cpp
  BoundsA.cpp
  BoundsC.cpp
  CONV_FRAMEA.cpp
  CharSeqA.cpp
  CurrentA.cpp
  DoubleSeqA.cpp
  DynamicA.cpp
  DynamicC.cpp
  Dynamic_ParameterA.cpp
  正在生成代码...
  正在编译...
  Dynamic_ParameterC.cpp
  Empty_Param_TypeCode.cpp
  Enum_TypeCode_Static.cpp
  ExceptionA.cpp
  FloatSeqA.cpp
  GIOPA.cpp
  IIOPA.cpp
  IIOP_EndpointsA.cpp
  IOPA.cpp
  Int8SeqA.cpp
  LongDoubleSeqA.cpp
  LongLongSeqA.cpp
  LongSeqA.cpp
  Marshal.cpp
  Messaging_PolicyValueA.cpp
  NVList.cpp
  NVList_Adapter_Impl.cpp
  ObjectIdListA.cpp
  Objref_TypeCode_Static.cpp
  OctetSeqA.cpp
  正在生成代码...
  正在编译...
  PI_ForwardA.cpp
  ParameterModeA.cpp
  PolicyA.cpp
  Policy_CurrentA.cpp
  Policy_ForwardA.cpp
  Policy_ManagerA.cpp
  PortableInterceptorA.cpp
  Sequence_TypeCode_Static.cpp
  ServicesA.cpp
  ShortSeqA.cpp
  StringSeqA.cpp
  String_TypeCode_Static.cpp
  Struct_TypeCode_Static.cpp
  SystemExceptionA.cpp
  TAOA.cpp
  TimeBaseA.cpp
  True_RefCount_Policy.cpp
  TypeCode.cpp
  TypeCodeA.cpp
  TypeCode_CDR_Extraction.cpp
  正在生成代码...
  正在编译...
  TypeCode_Constants.cpp
  UInt8SeqA.cpp
  ULongLongSeqA.cpp
  ULongSeqA.cpp
  UShortSeqA.cpp
  Union_TypeCode_Static.cpp
  ValueModifierA.cpp
  ValueModifierC.cpp
  Value_TypeCode_Static.cpp
  VisibilityA.cpp
  VisibilityC.cpp
  WCharSeqA.cpp
  WStringSeqA.cpp
  WrongTransactionA.cpp
  append.cpp
  orb_typesA.cpp
  skip.cpp
  正在生成代码...
    正在创建库 ..\..\..\lib\TAO_AnyTypeCoded.lib 和对象 ..\..\..\lib\TAO_AnyTypeCoded.exp
  AnyTypeCode.vcxproj -> C:\Users\Admin\Downloads\OpenDDS-3.20\ace_wrappers\lib\TAO_AnyTypeCoded.dll
