  be_argument.cpp
  be_array.cpp
  be_attribute.cpp
  be_codegen.cpp
  be_component.cpp
  be_component_fwd.cpp
  be_connector.cpp
  be_constant.cpp
  be_consumes.cpp
  be_decl.cpp
  be_emits.cpp
  be_enum.cpp
  be_enum_val.cpp
  be_eventtype.cpp
  be_eventtype_fwd.cpp
  be_exception.cpp
  be_expression.cpp
  be_extended_port.cpp
  be_factory.cpp
  be_field.cpp
  正在生成代码...
  正在编译...
  be_finder.cpp
  be_fixed.cpp
  be_generator.cpp
  be_global.cpp
  be_helper.cpp
  be_home.cpp
  be_identifier_helper.cpp
  be_init.cpp
  be_interface.cpp
  be_interface_fwd.cpp
  be_mirror_port.cpp
  be_module.cpp
  be_native.cpp
  be_null_return_emitter.cpp
  be_operation.cpp
  be_param_holder.cpp
  be_porttype.cpp
  be_predefined_type.cpp
  be_produce.cpp
  be_provides.cpp
  正在生成代码...
  正在编译...
  be_publishes.cpp
  be_root.cpp
  be_scope.cpp
  be_sequence.cpp
  be_string.cpp
  be_structure.cpp
  be_structure_fwd.cpp
  be_template_module.cpp
  be_template_module_inst.cpp
  be_template_module_ref.cpp
  be_tmplinst.cpp
  be_type.cpp
  be_typedef.cpp
  be_union.cpp
  be_union_branch.cpp
  be_union_fwd.cpp
  be_union_label.cpp
  be_uses.cpp
  be_util.cpp
  be_valuebox.cpp
  正在生成代码...
  正在编译...
  be_valuetype.cpp
  be_valuetype_fwd.cpp
  be_visitor.cpp
  be_visitor_amh_pre_proc.cpp
  be_visitor_ami_pre_proc.cpp
  be_visitor_any_extracted_type_decl.cpp
  be_visitor_arg_traits.cpp
  arglist.cpp
  argument.cpp
  invoke_cs.cpp
  marshal_ss.cpp
  upcall_ss.cpp
  vardecl_ss.cpp
  any_op_ch.cpp
  any_op_cs.cpp
  array.cpp
  array_ch.cpp
  array_ci.cpp
  array_cs.cpp
  cdr_op_ch.cpp
  正在生成代码...
  正在编译...
  cdr_op_cs.cpp
  be_visitor_attr_assign.cpp
  be_visitor_attr_init.cpp
  be_visitor_attr_return.cpp
  be_visitor_attr_setarg_type.cpp
  attribute.cpp
  ccm_init.cpp
  set_from_extracted.cpp
  be_visitor_ccm_pre_proc.cpp
  component.cpp
  component_ami_rh_ex_base.cpp
  component_ami_rh_exh.cpp
  component_ami_rh_exs.cpp
  component_ex_idl.cpp
  component_exh.cpp
  component_exs.cpp
  component_svh.cpp
  component_svs.cpp
  component_svth.cpp
  component_svts.cpp
  正在生成代码...
  正在编译...
  context_ex_idl.cpp
  context_svth.cpp
  context_svts.cpp
  executor_ex_idl.cpp
  executor_exh.cpp
  executor_exs.cpp
  executor_exs_attr_init.cpp
  executor_private_exh.cpp
  facet_exh.cpp
  facet_exs.cpp
  servant_svh.cpp
  servant_svs.cpp
  component_fwd_ch.cpp
  be_visitor_component_scope.cpp
  connector_ami_exh.cpp
  connector_ami_exs.cpp
  connector_dds_ex_base.cpp
  connector_dds_exh.cpp
  connector_dds_exs.cpp
  executor_ami_exh.cpp
  正在生成代码...
  正在编译...
  executor_ami_exs.cpp
  facet_ami_exh.cpp
  facet_ami_exs.cpp
  constant.cpp
  constant_ch.cpp
  constant_cs.cpp
  be_visitor_context.cpp
  be_visitor_dds_ts_idl.cpp
  be_visitor_decl.cpp
  enum_ch.cpp
  enum_cs.cpp
  ctor_assign.cpp
  exception.cpp
  exception_ch.cpp
  exception_ci.cpp
  exception_cs.cpp
  exception_ctor.cpp
  field_ch.cpp
  field_ci.cpp
  field_cs.cpp
  正在生成代码...
  正在编译...
  home_ex_idl.cpp
  home_exh.cpp
  home_exs.cpp
  home_svh.cpp
  home_svs.cpp
  amh_ch.cpp
  amh_rh_sh.cpp
  amh_rh_ss.cpp
  amh_sh.cpp
  amh_ss.cpp
  ami4ccm_conn_ex_idl.cpp
  ami4ccm_rh_ex_idl.cpp
  ami4ccm_sendc_ex_idl.cpp
  direct_proxy_impl_sh.cpp
  direct_proxy_impl_ss.cpp
  facet_svth.cpp
  facet_svts.cpp
  interface.cpp
  interface_ch.cpp
  interface_ci.cpp
  正在生成代码...
  正在编译...
  interface_cs.cpp
  interface_ex_idl.cpp
  interface_ih.cpp
  interface_is.cpp
  interface_sh.cpp
  interface_ss.cpp
  interface_svth.cpp
  interface_svts.cpp
  smart_proxy_ch.cpp
  smart_proxy_cs.cpp
  tie_sh.cpp
  tie_ss.cpp
  interface_fwd_ch.cpp
  be_visitor_member_type_decl.cpp
  any_op.cpp
  cdr_op.cpp
  module.cpp
  module_ch.cpp
  module_ih.cpp
  module_sh.cpp
  正在生成代码...
  正在编译...
  native_ch.cpp
  be_visitor_null_return_value.cpp
  ami_cs.cpp
  ami_handler_reply_stub_operation_cs.cpp
  argument_invoke.cpp
  argument_marshal.cpp
  exceptlist_cs.cpp
  exceptlist_ss.cpp
  operation.cpp
  operation_ch.cpp
  operation_cs.cpp
  operation_exs.cpp
  operation_ih.cpp
  operation_is.cpp
  operation_sh.cpp
  operation_ss.cpp
  operation_svs.cpp
  proxy_impl_xh.cpp
  rettype.cpp
  rettype_return_cs.cpp
  正在生成代码...
  正在编译...
  upcall_command_ss.cpp
  root.cpp
  root_ch.cpp
  root_ci.cpp
  root_cnh.cpp
  root_cns.cpp
  root_cs.cpp
  root_ex_idl.cpp
  root_exh.cpp
  root_exs.cpp
  root_ih.cpp
  root_is.cpp
  root_sh.cpp
  root_ss.cpp
  root_sth.cpp
  root_svh.cpp
  root_svs.cpp
  root_svth.cpp
  root_svts.cpp
  be_visitor_scope.cpp
  正在生成代码...
  正在编译...
  buffer_type.cpp
  sequence_base.cpp
  sequence_ch.cpp
  sequence_cs.cpp
  structure.cpp
  structure_ch.cpp
  structure_ci.cpp
  structure_cs.cpp
  structure_fwd_ch.cpp
  be_visitor_template_export.cpp
  be_visitor_traits.cpp
  alias_typecode.cpp
  enum_typecode.cpp
  objref_typecode.cpp
  struct_typecode.cpp
  typecode_decl.cpp
  typecode_defn.cpp
  union_typecode.cpp
  value_typecode.cpp
  typedef.cpp
  正在生成代码...
  正在编译...
  typedef_ch.cpp
  typedef_ci.cpp
  typedef_cs.cpp
  discriminant_ch.cpp
  discriminant_ci.cpp
  discriminant_cs.cpp
  union.cpp
  union_ch.cpp
  union_ci.cpp
  union_cs.cpp
  private_ch.cpp
  public_assign_cs.cpp
  public_ch.cpp
  public_ci.cpp
  public_constructor_cs.cpp
  public_cs.cpp
  public_reset_cs.cpp
  union_fwd_ch.cpp
  union_member_ci.cpp
  valuebox.cpp
  正在生成代码...
  正在编译...
  valuebox_ch.cpp
  valuebox_ci.cpp
  valuebox_cs.cpp
  field_cdr_ch.cpp
  field_cdr_cs.cpp
  marshal_ch.cpp
  marshal_cs.cpp
  obv_module.cpp
  valuetype.cpp
  valuetype_ch.cpp
  valuetype_ci.cpp
  valuetype_cs.cpp
  valuetype_init.cpp
  valuetype_init_arglist_ch.cpp
  valuetype_init_ch.cpp
  valuetype_init_ci.cpp
  valuetype_init_cs.cpp
  valuetype_obv_ch.cpp
  valuetype_obv_ci.cpp
  valuetype_obv_cs.cpp
  正在生成代码...
  正在编译...
  valuetype_sh.cpp
  valuetype_ss.cpp
  valuetype_fwd_ch.cpp
  be_visitor_xplicit_pre_proc.cpp
  正在生成代码...
  any_op_ch.cpp
  cdr_op_ch.cpp
  any_op_ch.cpp
  any_op_cs.cpp
  cdr_op_ch.cpp
  cdr_op_cs.cpp
  any_op_ch.cpp
  any_op_cs.cpp
  cdr_op_ch.cpp
  cdr_op_cs.cpp
  cdr_op_ch.cpp
  cdr_op_cs.cpp
  any_op_ch.cpp
  any_op_cs.cpp
  cdr_op_ch.cpp
  cdr_op_cs.cpp
  any_op_ch.cpp
  cdr_op_ch.cpp
  amh_rh_sh.cpp
  amh_rh_ss.cpp
  amh_sh.cpp
  amh_ss.cpp
  arglist.cpp
  argument.cpp
  direct_proxy_impl_ss.cpp
  smart_proxy_ch.cpp
  smart_proxy_cs.cpp
  tie_sh.cpp
  tie_ss.cpp
  any_op.cpp
  cdr_op.cpp
  any_op_ch.cpp
  any_op_cs.cpp
  cdr_op_ch.cpp
  cdr_op_cs.cpp
  any_op_ch.cpp
  any_op_cs.cpp
  cdr_op_ch.cpp
  cdr_op_cs.cpp
  any_op_ch.cpp
  any_op_cs.cpp
  cdr_op_ch.cpp
  cdr_op_cs.cpp
  any_op_ch.cpp
  any_op_cs.cpp
  cdr_op_ch.cpp
  cdr_op_cs.cpp
  cdr_op_ch.cpp
  cdr_op_cs.cpp
  any_op_ch.cpp
  any_op_cs.cpp
  cdr_op_ch.cpp
  cdr_op_cs.cpp
  field_ch.cpp
  field_ci.cpp
  any_op_ch.cpp
  any_op_cs.cpp
  arglist.cpp
  cdr_op_ch.cpp
  cdr_op_cs.cpp
  field_ch.cpp
  field_ci.cpp
  field_cs.cpp
  any_op_ch.cpp
  cdr_op_ch.cpp
    正在创建库 ..\..\lib\TAO_IDL_BEd.lib 和对象 ..\..\lib\TAO_IDL_BEd.exp
  TAO_IDL_BE.vcxproj -> C:\Users\Admin\Downloads\OpenDDS-3.20\ace_wrappers\lib\TAO_IDL_BEd.dll
