  Acceptor_Filter_Factory.cpp
  Active_Object_Map.cpp
  Active_Object_Map_Entry.cpp
  Active_Policy_Strategies.cpp
  AdapterActivatorA.cpp
  AdapterActivatorC.cpp
  Collocated_Arguments_Converter.cpp
  Collocated_Object_Proxy_Broker.cpp
  Creation_Time.cpp
  Default_Acceptor_Filter.cpp
  Default_Policy_Validator.cpp
  Default_Servant_Dispatcher.cpp
  Direct_Collocation_Upcall_Wrapper.cpp
  ForwardRequestA.cpp
  ForwardRequestC.cpp
  IdAssignmentPolicy.cpp
  IdAssignmentPolicyA.cpp
  IdAssignmentPolicyC.cpp
  IdAssignmentStrategy.cpp
  IdAssignmentStrategyFactoryImpl.cpp
  正在生成代码...
  正在编译...
  IdAssignmentStrategySystem.cpp
  IdAssignmentStrategyUser.cpp
  IdUniquenessPolicy.cpp
  IdUniquenessPolicyA.cpp
  IdUniquenessPolicyC.cpp
  IdUniquenessStrategyFactoryImpl.cpp
  IdUniquenessStrategyMultiple.cpp
  IdUniquenessStrategyUnique.cpp
  IdUniquenessStrategyUniqueFactoryImpl.cpp
  ImR_Client_Adapter.cpp
  ImplicitActivationPolicy.cpp
  ImplicitActivationPolicyA.cpp
  ImplicitActivationPolicyC.cpp
  ImplicitActivationStrategy.cpp
  ImplicitActivationStrategyExplicit.cpp
  ImplicitActivationStrategyFactoryImpl.cpp
  ImplicitActivationStrategyImplicit.cpp
  Key_Adapters.cpp
  LifespanPolicy.cpp
  LifespanPolicyA.cpp
  正在生成代码...
  正在编译...
  LifespanPolicyC.cpp
  LifespanStrategy.cpp
  LifespanStrategyFactoryImpl.cpp
  LifespanStrategyPersistent.cpp
  LifespanStrategyPersistentFactoryImpl.cpp
  LifespanStrategyTransient.cpp
  LifespanStrategyTransientFactoryImpl.cpp
  Network_Priority_Hook.cpp
  Non_Servant_Upcall.cpp
  ORT_Adapter_Factory.cpp
  Object_Adapter.cpp
  Object_Adapter_Factory.cpp
  Operation_Table.cpp
  Operation_Table_Binary_Search.cpp
  Operation_Table_Dynamic_Hash.cpp
  Operation_Table_Linear_Search.cpp
  Operation_Table_Perfect_Hash.cpp
  POAC.cpp
  POAManager.cpp
  POAManagerC.cpp
  正在生成代码...
  正在编译...
  POAManagerFactory.cpp
  POAManagerFactoryC.cpp
  POA_Cached_Policies.cpp
  POA_Current.cpp
  POA_Current_Factory.cpp
  POA_Current_Impl.cpp
  POA_Guard.cpp
  POA_Policy_Set.cpp
  PS_CurrentC.cpp
  PS_ForwardA.cpp
  PS_ForwardC.cpp
  PolicyS.cpp
  PortableServer.cpp
  PortableServerC.cpp
  PortableServer_Functions.cpp
  PortableServer_WFunctions.cpp
  PortableServer_includeC.cpp
  Regular_POA.cpp
  RequestProcessingPolicy.cpp
  RequestProcessingPolicyA.cpp
  正在生成代码...
  正在编译...
  RequestProcessingPolicyC.cpp
  RequestProcessingStrategy.cpp
  RequestProcessingStrategyAOMOnly.cpp
  RequestProcessingStrategyAOMOnlyFactoryImpl.cpp
  RequestProcessingStrategyDefaultServant.cpp
  RequestProcessingStrategyDefaultServantFI.cpp
  RequestProcessingStrategyFactoryImpl.cpp
  RequestProcessingStrategyServantActivator.cpp
  RequestProcessingStrategyServantActivatorFI.cpp
  RequestProcessingStrategyServantLocator.cpp
  RequestProcessingStrategyServantLocatorFI.cpp
  RequestProcessingStrategyServantManager.cpp
  Root_POA.cpp
  SUpcall_commands.cpp
  ServantActivatorA.cpp
  ServantActivatorC.cpp
  ServantLocatorA.cpp
  ServantLocatorC.cpp
  ServantManagerA.cpp
  ServantManagerC.cpp
  正在生成代码...
  正在编译...
  ServantRetentionPolicy.cpp
  ServantRetentionPolicyA.cpp
  ServantRetentionPolicyC.cpp
  ServantRetentionStrategyFactoryImpl.cpp
  ServantRetentionStrategyNonRetain.cpp
  ServantRetentionStrategyNonRetainFactoryImpl.cpp
  ServantRetentionStrategyRetain.cpp
  ServantRetentionStrategyRetainFactoryImpl.cpp
  Servant_Base.cpp
  Servant_Dispatcher.cpp
  Servant_Upcall.cpp
  StrategyFactory.cpp
  ThreadPolicy.cpp
  ThreadPolicyA.cpp
  ThreadPolicyC.cpp
  ThreadStrategy.cpp
  ThreadStrategyFactoryImpl.cpp
  ThreadStrategyORBControl.cpp
  ThreadStrategySingle.cpp
  ThreadStrategySingleFactoryImpl.cpp
  正在生成代码...
  正在编译...
  Upcall_Command.cpp
  Upcall_Wrapper.cpp
  正在生成代码...
    正在创建库 ..\..\..\lib\TAO_PortableServerd.lib 和对象 ..\..\..\lib\TAO_PortableServerd.exp
  PortableServer.vcxproj -> C:\Users\Admin\Downloads\OpenDDS-3.20\ace_wrappers\lib\TAO_PortableServerd.dll
