  ast_annotation_appl.cpp
  ast_annotation_appls.cpp
  ast_annotation_decl.cpp
  ast_annotation_member.cpp
  ast_argument.cpp
  ast_array.cpp
  ast_attribute.cpp
  ast_check.cpp
  ast_component.cpp
  ast_component_fwd.cpp
  ast_concrete_type.cpp
  ast_connector.cpp
  ast_constant.cpp
  ast_consumes.cpp
  ast_decl.cpp
  ast_emits.cpp
  ast_enum.cpp
  ast_enum_val.cpp
  ast_eventtype.cpp
  ast_eventtype_fwd.cpp
  正在生成代码...
  正在编译...
  ast_exception.cpp
  ast_expression.cpp
  ast_extended_port.cpp
  ast_factory.cpp
  ast_field.cpp
  ast_finder.cpp
  ast_fixed.cpp
  ast_generator.cpp
  ast_home.cpp
  ast_interface.cpp
  ast_interface_fwd.cpp
  ast_mirror_port.cpp
  ast_module.cpp
  ast_native.cpp
  ast_operation.cpp
  ast_param_holder.cpp
  ast_porttype.cpp
  ast_predefined_type.cpp
  ast_provides.cpp
  ast_publishes.cpp
  正在生成代码...
  正在编译...
  ast_recursive.cpp
  ast_root.cpp
  ast_sequence.cpp
  ast_string.cpp
  ast_structure.cpp
  ast_structure_fwd.cpp
  ast_template_module.cpp
  ast_template_module_inst.cpp
  ast_template_module_ref.cpp
  ast_type.cpp
  ast_typedef.cpp
  ast_union.cpp
  ast_union_branch.cpp
  ast_union_fwd.cpp
  ast_union_label.cpp
  ast_uses.cpp
  ast_valuebox.cpp
  ast_valuetype.cpp
  ast_valuetype_fwd.cpp
  ast_visitor.cpp
  正在生成代码...
  正在编译...
  ast_visitor_context.cpp
  ast_visitor_reifying.cpp
  ast_visitor_tmpl_module_inst.cpp
  ast_visitor_tmpl_module_ref.cpp
  fe_component_header.cpp
  fe_declarator.cpp
  fe_extern.cpp
  fe_global.cpp
  fe_home_header.cpp
  fe_init.cpp
  fe_interface_header.cpp
  fe_lookup.cpp
  fe_obv_header.cpp
  fe_private.cpp
  fe_utils.cpp
  idl.tab.cpp
  idl.yy.cpp
  narrow.cpp
  idl_version.cpp
  utl_decllist.cpp
  正在生成代码...
  正在编译...
  utl_err.cpp
  utl_exceptlist.cpp
  utl_exprlist.cpp
  utl_global.cpp
  utl_identifier.cpp
  utl_idlist.cpp
  utl_indenter.cpp
  utl_labellist.cpp
  utl_list.cpp
  utl_namelist.cpp
  utl_scope.cpp
  utl_stack.cpp
  utl_string.cpp
  utl_strlist.cpp
  正在生成代码...
    正在创建库 ..\..\lib\TAO_IDL_FEd.lib 和对象 ..\..\lib\TAO_IDL_FEd.exp
  TAO_IDL_FE.vcxproj -> C:\Users\Admin\Downloads\OpenDDS-3.20\ace_wrappers\lib\TAO_IDL_FEd.dll
