  Abstract_Servant_Base.cpp
  Acceptor_Filter.cpp
  Acceptor_Registry.cpp
  Adapter.cpp
  Adapter_Factory.cpp
  Adapter_Registry.cpp
  AnyTypeCode_Adapter.cpp
  Argument.cpp
  Asynch_Queued_Message.cpp
  Asynch_Reply_Dispatcher_Base.cpp
  Base_Transport_Property.cpp
  BiDir_Adapter.cpp
  Bind_Dispatcher_Guard.cpp
  Block_Flushing_Strategy.cpp
  Blocked_Connect_Strategy.cpp
  BooleanSeqC.cpp
  CDR.cpp
  CONV_FRAMEC.cpp
  CORBALOC_Parser.cpp
  CORBANAME_Parser.cpp
  正在生成代码...
  正在编译...
  CORBA_String.cpp
  CharSeqC.cpp
  Cleanup_Func_Registry.cpp
  ClientRequestInterceptor_Adapter.cpp
  ClientRequestInterceptor_Adapter_Factory.cpp
  Client_Strategy_Factory.cpp
  Codeset_Manager.cpp
  Codeset_Manager_Factory_Base.cpp
  Codeset_Translator_Base.cpp
  Collocated_Invocation.cpp
  Collocation_Resolver.cpp
  Connect_Strategy.cpp
  Connection_Handler.cpp
  Connection_Purging_Strategy.cpp
  Connector_Registry.cpp
  CurrentC.cpp
  DLL_Parser.cpp
  Default_Collocation_Resolver.cpp
  Default_Endpoint_Selector_Factory.cpp
  Default_Stub_Factory.cpp
  正在生成代码...
  正在编译...
  Default_Thread_Lane_Resources_Manager.cpp
  DoubleSeqC.cpp
  Dynamic_Adapter.cpp
  Endpoint.cpp
  Endpoint_Selector_Factory.cpp
  Environment.cpp
  Exception.cpp
  Exclusive_TMS.cpp
  FILE_Parser.cpp
  Fault_Tolerance_Service.cpp
  FloatSeqC.cpp
  Flushing_Strategy.cpp
  GIOPC.cpp
  GIOP_Fragmentation_Strategy.cpp
  GIOP_Message_Base.cpp
  GIOP_Message_Generator_Parser.cpp
  GIOP_Message_Generator_Parser_10.cpp
  GIOP_Message_Generator_Parser_11.cpp
  GIOP_Message_Generator_Parser_12.cpp
  GIOP_Message_Generator_Parser_Impl.cpp
  正在生成代码...
  正在编译...
  GIOP_Message_Locate_Header.cpp
  GIOP_Message_State.cpp
  GIOP_Message_Version.cpp
  GUIResource_Factory.cpp
  HR_Time_Policy_Strategy.cpp
  HTTP_Client.cpp
  HTTP_Handler.cpp
  HTTP_Parser.cpp
  IFR_Client_Adapter.cpp
  IIOPC.cpp
  IIOP_Acceptor.cpp
  IIOP_Connection_Handler.cpp
  IIOP_Connector.cpp
  IIOP_Endpoint.cpp
  IIOP_EndpointsC.cpp
  IIOP_Factory.cpp
  IIOP_Profile.cpp
  IIOP_Transport.cpp
  IOPC.cpp
  IORInterceptor_Adapter.cpp
  正在生成代码...
  正在编译...
  IORInterceptor_Adapter_Factory.cpp
  IOR_Parser.cpp
  Incoming_Message_Queue.cpp
  Incoming_Message_Stack.cpp
  Int8SeqC.cpp
  Invocation_Adapter.cpp
  Invocation_Base.cpp
  Invocation_Endpoint_Selectors.cpp
  Invocation_Retry_Params.cpp
  Invocation_Retry_State.cpp
  LF_CH_Event.cpp
  LF_Connect_Strategy.cpp
  LF_Event.cpp
  LF_Event_Binder.cpp
  LF_Event_Loop_Thread_Helper.cpp
  LF_Follower.cpp
  LF_Follower_Auto_Adder.cpp
  LF_Follower_Auto_Ptr.cpp
  LF_Invocation_Event.cpp
  LF_Multi_Event.cpp
  正在生成代码...
  正在编译...
  LF_Strategy.cpp
  LF_Strategy_Complete.cpp
  LRU_Connection_Purging_Strategy.cpp
  Leader_Follower.cpp
  Leader_Follower_Flushing_Strategy.cpp
  LocalObject.cpp
  LocateRequest_Invocation.cpp
  LocateRequest_Invocation_Adapter.cpp
  LongDoubleSeqC.cpp
  LongLongSeqC.cpp
  LongSeqC.cpp
  MCAST_Parser.cpp
  MMAP_Allocator.cpp
  MProfile.cpp
  Messaging_PolicyValueC.cpp
  Messaging_SyncScopeC.cpp
  Muxed_TMS.cpp
  NVList_Adapter.cpp
  Network_Priority_Protocols_Hooks.cpp
  New_Leader_Generator.cpp
  正在生成代码...
  正在编译...
  Null_Fragmentation_Strategy.cpp
  ORB.cpp
  ORBInitializer_Registry.cpp
  ORBInitializer_Registry_Adapter.cpp
  ORB_Core.cpp
  ORB_Core_Auto_Ptr.cpp
  ORB_Core_TSS_Resources.cpp
  ORB_Table.cpp
  ORB_Time_Policy.cpp
  Object.cpp
  ObjectIdListC.cpp
  ObjectKey_Table.cpp
  Object_KeyC.cpp
  Object_Loader.cpp
  Object_Proxy_Broker.cpp
  Object_Ref_Table.cpp
  OctetSeqC.cpp
  On_Demand_Fragmentation_Strategy.cpp
  PI_ForwardC.cpp
  ParameterModeC.cpp
  正在生成代码...
  正在编译...
  Parser_Registry.cpp
  Pluggable_Messaging_Utils.cpp
  PolicyC.cpp
  PolicyFactory_Registry_Adapter.cpp
  PolicyFactory_Registry_Factory.cpp
  Policy_Current.cpp
  Policy_CurrentC.cpp
  Policy_Current_Impl.cpp
  Policy_ForwardC.cpp
  Policy_Manager.cpp
  Policy_ManagerC.cpp
  Policy_Set.cpp
  Policy_Validator.cpp
  PortableInterceptorC.cpp
  Principal.cpp
  Profile.cpp
  Profile_Transport_Resolver.cpp
  Protocol_Factory.cpp
  Protocols_Hooks.cpp
  Queued_Data.cpp
  正在生成代码...
  正在编译...
  Queued_Message.cpp
  Reactive_Connect_Strategy.cpp
  Reactive_Flushing_Strategy.cpp
  Refcounted_ObjectKey.cpp
  Remote_Invocation.cpp
  Remote_Object_Proxy_Broker.cpp
  Reply_Dispatcher.cpp
  RequestInterceptor_Adapter.cpp
  Request_Dispatcher.cpp
  Resource_Factory.cpp
  Resume_Handle.cpp
  ServerRequestInterceptor_Adapter.cpp
  ServerRequestInterceptor_Adapter_Factory.cpp
  Server_Strategy_Factory.cpp
  Service_Callbacks.cpp
  Service_Context.cpp
  Service_Context_Handler.cpp
  Service_Context_Handler_Registry.cpp
  ServicesC.cpp
  Services_Activate.cpp
  正在生成代码...
  正在编译...
  ShortSeqC.cpp
  Storable_Base.cpp
  Storable_Factory.cpp
  Storable_File_Guard.cpp
  Storable_FlatFileStream.cpp
  StringSeqC.cpp
  String_Alloc.cpp
  Stub.cpp
  Stub_Factory.cpp
  Synch_Invocation.cpp
  Synch_Queued_Message.cpp
  Synch_Reply_Dispatcher.cpp
  SystemException.cpp
  System_Time_Policy_Strategy.cpp
  TAOC.cpp
  TAO_Internal.cpp
  TAO_Server_Request.cpp
  TAO_Singleton_Manager.cpp
  TSS_Resources.cpp
  Tagged_Components.cpp
  正在生成代码...
  正在编译...
  Tagged_Profile.cpp
  Thread_Lane_Resources.cpp
  Thread_Lane_Resources_Manager.cpp
  Thread_Per_Connection_Handler.cpp
  TimeBaseC.cpp
  Time_Policy_Manager.cpp
  Transport.cpp
  Transport_Acceptor.cpp
  Transport_Connector.cpp
  Transport_Descriptor_Interface.cpp
  Transport_Mux_Strategy.cpp
  Transport_Queueing_Strategies.cpp
  Transport_Selection_Guard.cpp
  Transport_Timer.cpp
  TypeCodeFactory_Adapter.cpp
  Typecode_typesC.cpp
  UInt8SeqC.cpp
  ULongLongSeqC.cpp
  ULongSeqC.cpp
  UShortSeqC.cpp
  正在生成代码...
  正在编译...
  UserException.cpp
  Valuetype_Adapter.cpp
  Valuetype_Adapter_Factory.cpp
  WCharSeqC.cpp
  WStringSeqC.cpp
  Wait_On_LF_No_Upcall.cpp
  Wait_On_Leader_Follower.cpp
  Wait_On_Reactor.cpp
  Wait_On_Read.cpp
  Wait_Strategy.cpp
  WrongTransactionC.cpp
  ZIOP_Adapter.cpp
  debug.cpp
  default_client.cpp
  default_resource.cpp
  default_server.cpp
  operation_details.cpp
  orb_typesC.cpp
  params.cpp
  target_specification.cpp
  正在生成代码...
    正在创建库 ..\..\lib\TAOd.lib 和对象 ..\..\lib\TAOd.exp
  TAO.vcxproj -> C:\Users\Admin\Downloads\OpenDDS-3.20\ace_wrappers\lib\TAOd.dll
